2024-06-02 15:21:31,315 - DEBUG - <module> - MainThread
	-> Imported preferences_window.py
2024-06-02 15:21:31,315 - DEBUG - <module> - MainThread
	-> Imported main_window.py
2024-06-02 15:21:31,339 - INFO - __init__ - MainThread
	-> Instantiating MainUI
2024-06-02 15:21:31,370 - INFO - _update_compinfo_label - MainThread
	-> Updating Component Info label...
2024-06-02 15:21:31,371 - INFO - __init__ - MainThread
	-> Instantiating ResistorWidget...
2024-06-02 15:21:31,380 - INFO - _relabel - MainThread
	-> Relabeling ResistorWidget labels...
2024-06-02 15:21:31,382 - INFO - _set_icons - MainThread
	-> Adding icons...
2024-06-02 15:21:31,384 - INFO - _load_settings - MainThread
	-> Loading settings...
2024-06-02 15:21:31,385 - INFO - _set_icons - MainThread
	-> Adding icons...
2024-06-02 15:21:31,393 - INFO - _setup_window - MainThread
	-> Setting up window...
2024-06-02 15:21:31,395 - INFO - _setup_slots - MainThread
	-> Setting up slots...
2024-06-02 15:21:31,396 - INFO - icon_qss - MainThread
	-> Generating Qt StyleSheet icon QSS...
2024-06-02 15:21:34,119 - INFO - slot_treeitem_chosen - MainThread
	-> Component Tree double clicked --- Ref Des R7, Second Column xxxxxx
2024-06-02 15:21:34,121 - INFO - _update_compinfo_label - MainThread
	-> Updating Component Info label...
2024-06-02 15:21:35,807 - INFO - slot_nextcomp - MainThread
	-> Next Component Button clicked...
2024-06-02 15:21:35,808 - INFO - _update_compinfo_label - MainThread
	-> Updating Component Info label...
2024-06-02 15:21:36,190 - INFO - slot_nextcomp - MainThread
	-> Next Component Button clicked...
2024-06-02 15:21:36,191 - INFO - _update_compinfo_label - MainThread
	-> Updating Component Info label...
2024-06-02 15:21:36,325 - INFO - slot_nextcomp - MainThread
	-> Next Component Button clicked...
2024-06-02 15:21:36,326 - INFO - _update_compinfo_label - MainThread
	-> Updating Component Info label...
2024-06-02 15:21:36,471 - INFO - slot_nextcomp - MainThread
	-> Next Component Button clicked...
2024-06-02 15:21:36,472 - INFO - _update_compinfo_label - MainThread
	-> Updating Component Info label...
2024-06-02 15:21:36,606 - INFO - slot_nextcomp - MainThread
	-> Next Component Button clicked...
2024-06-02 15:21:36,607 - INFO - _update_compinfo_label - MainThread
	-> Updating Component Info label...
2024-06-02 15:21:36,752 - INFO - slot_nextcomp - MainThread
	-> Next Component Button clicked...
2024-06-02 15:21:36,753 - INFO - _update_compinfo_label - MainThread
	-> Updating Component Info label...
2024-06-02 15:21:41,455 - INFO - slot_compdefault - MainThread
	-> Setting default component values...
2024-06-02 15:21:41,894 - INFO - slot_nextcomp - MainThread
	-> Next Component Button clicked...
2024-06-02 15:21:41,894 - INFO - _update_compinfo_label - MainThread
	-> Updating Component Info label...
2024-06-02 15:21:42,344 - INFO - slot_prevcomp - MainThread
	-> Previous Component Button clicked...
2024-06-02 15:21:42,345 - INFO - _update_compinfo_label - MainThread
	-> Updating Component Info label...
2024-06-02 15:21:44,044 - INFO - slot_preferences - MainThread
	-> Opening preferences window
2024-06-02 15:21:44,044 - INFO - __init__ - MainThread
	-> Instantiating PreferencesWindow
2024-06-02 15:21:44,115 - INFO - _setup_ui - MainThread
	-> Setting up preferences window UI...
2024-06-02 15:21:44,116 - INFO - _load_prefs_into_window - MainThread
	-> Loading preferences into window...
2024-06-02 15:21:44,117 - INFO - _setup_slots - MainThread
	-> Setting up slots...
2024-06-02 15:21:46,044 - INFO - slot_apply - MainThread
	-> Applying preferences...
2024-06-02 15:21:46,529 - INFO - slot_ok - MainThread
	-> OKing preferences...
2024-06-02 15:21:46,529 - INFO - slot_apply - MainThread
	-> Applying preferences...
2024-06-02 15:21:46,530 - INFO - closeEvent - MainThread
	-> Closing preferences...
2024-06-02 15:21:46,531 - INFO - _exit_window - MainThread
	-> Exiting window...
2024-06-02 15:21:46,531 - INFO - _check_saved - MainThread
	-> Checking that preferences are saved...
2024-06-02 15:21:47,968 - INFO - slot_treeitem_chosen - MainThread
	-> Component Tree double clicked --- Ref Des R17, Second Column xxxxxx
2024-06-02 15:21:47,968 - INFO - _update_compinfo_label - MainThread
	-> Updating Component Info label...
2024-06-02 15:21:48,936 - INFO - slot_savecomp - MainThread
	-> Save Components Button clicked...
2024-06-02 15:21:53,722 - INFO - _check_saved - MainThread
	-> Discarding changes from QMessageBox
2024-06-02 15:21:53,723 - INFO - _save_settings - MainThread
	-> Saving settings...
2024-06-02 15:21:53,723 - INFO - slot_newfile - MainThread
	-> Created newfile.epsa
2024-06-02 15:22:01,199 - INFO - closeEvent - MainThread
	-> Request to close...
